<?xml version="1.0" encoding="UTF-8"?>
<!-- Generated by org.testng.reporters.JUnitXMLReporter -->
<testsuite hostname="hp" ignored="0" name="TestHardAssertion" tests="1" failures="1" timestamp="17 Oct 2022 11:19:23 GMT" time="6.047" errors="0">
  <testcase name="titleAssert" time="5.968" classname="testScripts.HardAssertionDemo">
    <failure type="java.lang.AssertionError" message="expected [Obsqura Testing] but found []">
      <![CDATA[java.lang.AssertionError: expected [Obsqura Testing] but found []
at testScripts.HardAssertionDemo.titleAssert(HardAssertionDemo.java:26)
... Removed 31 stack frames]]>
    </failure>
  </testcase> <!-- titleAssert -->
</testsuite> <!-- TestHardAssertion -->
