<?xml version="1.0" encoding="UTF-8"?>
<!-- Generated by org.testng.reporters.JUnitXMLReporter -->
<testsuite hostname="hp" ignored="0" name="TestPriority" tests="2" failures="2" timestamp="18 Oct 2022 11:40:38 GMT" time="6.31" errors="0">
  <testcase name="gettitle" time="0.055" classname="testScripts.PriorityDemo">
    <failure type="java.lang.AssertionError" message="The following asserts failed:
	hi expected [Obsqura Testing] but found [Obsqura]">
      <![CDATA[java.lang.AssertionError: The following asserts failed:
hi expected [Obsqura Testing] but found [Obsqura]
at testScripts.PriorityDemo.gettitle(PriorityDemo.java:38)
... Removed 26 stack frames]]>
    </failure>
  </testcase> <!-- gettitle -->
  <testcase name="titleAssert" time="0.021" classname="testScripts.PriorityDemo">
    <failure type="java.lang.AssertionError" message="The following asserts failed:
	hello expected [Obsqura Testing] but found [Obsqura Tes]">
      <![CDATA[java.lang.AssertionError: The following asserts failed:
hello expected [Obsqura Testing] but found [Obsqura Tes]
at testScripts.PriorityDemo.titleAssert(PriorityDemo.java:29)
... Removed 26 stack frames]]>
    </failure>
  </testcase> <!-- titleAssert -->
</testsuite> <!-- TestPriority -->
