<?xml version="1.0" encoding="UTF-8"?>
<!-- Generated by org.testng.reporters.JUnitXMLReporter -->
<testsuite hostname="hp" ignored="0" name="TestAssertion" tests="1" failures="1" timestamp="18 Oct 2022 11:50:15 GMT" time="6.923" errors="0">
  <testcase name="titleAssert" time="0.065" classname="testScripts.SoftAssertionDemo">
    <failure type="java.lang.AssertionError" message="The following asserts failed:
	expected [Obsqura Testing] but found [Obsqura Testi]">
      <![CDATA[java.lang.AssertionError: The following asserts failed:
expected [Obsqura Testing] but found [Obsqura Testi]
at testScripts.SoftAssertionDemo.titleAssert(SoftAssertionDemo.java:29)
... Removed 26 stack frames]]>
    </failure>
  </testcase> <!-- titleAssert -->
</testsuite> <!-- TestAssertion -->
